<?xml version="1.0" encoding="UTF-8"?>
<!-- Generated by org.testng.reporters.JUnitReportReporter -->
<testsuite hostname="DESKTOP-G2KU5ND" failures="0" tests="3" name="TestRunner.CucumberTestRunner" time="0.088" errors="0" timestamp="2024-10-14T19:21:30 IST" skipped="0">
  <testcase classname="TestRunner.CucumberTestRunner" name="runScenario" time="0.004"/>
  <testcase classname="TestRunner.CucumberTestRunner" name="runScenario" time="0.004"/>
  <testcase classname="TestRunner.CucumberTestRunner" name="runScenario" time="0.080"/>
</testsuite> <!-- TestRunner.CucumberTestRunner -->
