<?xml version="1.0" encoding="UTF-8"?>
<!-- Generated by org.testng.reporters.JUnitReportReporter -->
<testsuite hostname="DESKTOP-G2KU5ND" failures="0" tests="3" name="TestRunner.CucumberTestRunner" time="0.072" errors="0" timestamp="2024-10-14T17:46:28 IST" skipped="0">
  <testcase classname="TestRunner.CucumberTestRunner" name="runScenario" time="0.063"/>
  <testcase classname="TestRunner.CucumberTestRunner" name="runScenario" time="0.004"/>
  <testcase classname="TestRunner.CucumberTestRunner" name="runScenario" time="0.005"/>
</testsuite> <!-- TestRunner.CucumberTestRunner -->
